2026/06/29 17:57:21 redis.go:47: 成功连接到 sword & apk Redis
2026/06/29 17:57:21 database.go:28: 成功连接到 PostgreSQL 数据库
2026/06/29 17:57:22 database.go:70: 表 activity_results 创建/检查完成
2026/06/29 17:57:22 database.go:70: 表 user_activities 创建/检查完成
2026/06/29 17:57:22 database.go:97: 数据库 schema 初始化完成，所有表和索引已就绪。
2026/06/29 17:57:22 jobs.go:36: 启动 更新4399游戏盒活动
2026/06/29 17:57:22 services.go:349: 后台任务超时监控已启动...
2026/06/29 17:57:22 services.go:481: 后台任务生成器已启动...
2026/06/29 17:57:22 main.go:131: 服务器启动，监听端口 :3839
2026/06/29 17:57:22 services.go:476: 成功生成并添加新任务ID: 57929
2026/06/29 17:57:22 services.go:506: 任务队列当前长度: 14。下次任务生成将在 1h0m0s 后进行。
2026/06/29 17:57:46 jobs.go:76: 更新4399游戏盒活动 结束
2026/06/29 18:00:12 main.go:142: 收到退出信号，开始优雅关闭服务...
2026/06/29 18:00:12 main.go:145: 正在停止后台定时任务...
2026/06/29 18:00:12 services.go:488: 后台任务生成器已安全停止。
2026/06/29 18:00:12 services.go:361: 后台任务超时监控已安全停止。
2026/06/29 18:00:12 main.go:156: 所有服务已安全关闭，主进程退出。
2026/06/29 18:00:12 database.go:104: 数据库连接已关闭
2026/06/29 18:00:12 redis.go:56: swordRedis 已成功关闭
2026/06/29 18:00:12 redis.go:64: apkRedis 已成功关闭
2026/06/29 18:00:15 redis.go:47: 成功连接到 sword & apk Redis
2026/06/29 18:00:15 database.go:28: 成功连接到 PostgreSQL 数据库
2026/06/29 18:00:15 database.go:70: 表 activity_results 创建/检查完成
2026/06/29 18:00:15 database.go:70: 表 user_activities 创建/检查完成
2026/06/29 18:00:15 database.go:97: 数据库 schema 初始化完成，所有表和索引已就绪。
2026/06/29 18:00:15 jobs.go:36: 启动 更新4399游戏盒活动
2026/06/29 18:00:15 services.go:349: 后台任务超时监控已启动...
2026/06/29 18:00:15 services.go:481: 后台任务生成器已启动...
2026/06/29 18:00:15 main.go:131: 服务器启动，监听端口 :3839
2026/06/29 18:00:15 services.go:476: 成功生成并添加新任务ID: 57930
2026/06/29 18:00:15 services.go:506: 任务队列当前长度: 1。下次任务生成将在 1m0s 后进行。
2026/06/29 18:00:40 jobs.go:76: 更新4399游戏盒活动 结束
2026/06/29 18:01:15 services.go:476: 成功生成并添加新任务ID: 57931
2026/06/29 18:01:15 services.go:506: 任务队列当前长度: 1。下次任务生成将在 1m0s 后进行。
2026/06/29 18:02:16 services.go:476: 成功生成并添加新任务ID: 57933
2026/06/29 18:02:16 services.go:506: 任务队列当前长度: 2。下次任务生成将在 1m0s 后进行。
2026/06/29 18:03:00 jobs.go:36: 启动 更新4399游戏盒活动
2026/06/29 18:03:16 services.go:476: 成功生成并添加新任务ID: 57935
2026/06/29 18:03:16 services.go:506: 任务队列当前长度: 2。下次任务生成将在 1m0s 后进行。
2026/06/29 18:03:24 jobs.go:76: 更新4399游戏盒活动 结束
2026/06/29 18:04:16 services.go:476: 成功生成并添加新任务ID: 57937
2026/06/29 18:04:16 services.go:506: 任务队列当前长度: 1。下次任务生成将在 1m0s 后进行。
2026/06/29 18:05:16 services.go:476: 成功生成并添加新任务ID: 57939
2026/06/29 18:05:16 services.go:506: 任务队列当前长度: 2。下次任务生成将在 1m0s 后进行。
2026/06/29 18:06:16 services.go:476: 成功生成并添加新任务ID: 57941
2026/06/29 18:06:16 services.go:506: 任务队列当前长度: 2。下次任务生成将在 1m0s 后进行。
2026/06/29 18:07:17 services.go:476: 成功生成并添加新任务ID: 57943
2026/06/29 18:07:17 services.go:506: 任务队列当前长度: 2。下次任务生成将在 1m0s 后进行。
2026/06/29 18:08:17 services.go:476: 成功生成并添加新任务ID: 57945
2026/06/29 18:08:17 services.go:506: 任务队列当前长度: 1。下次任务生成将在 1m0s 后进行。
2026/06/29 18:09:17 services.go:476: 成功生成并添加新任务ID: 57947
2026/06/29 18:09:17 services.go:506: 任务队列当前长度: 2。下次任务生成将在 1m0s 后进行。
2026/06/29 18:09:39 main.go:142: 收到退出信号，开始优雅关闭服务...
2026/06/29 18:09:39 main.go:145: 正在停止后台定时任务...
2026/06/29 18:09:39 services.go:488: 后台任务生成器已安全停止。
2026/06/29 18:09:39 services.go:361: 后台任务超时监控已安全停止。
2026/06/29 18:09:39 main.go:156: 所有服务已安全关闭，主进程退出。
2026/06/29 18:09:39 database.go:104: 数据库连接已关闭
2026/06/29 18:09:39 redis.go:56: swordRedis 已成功关闭
2026/06/29 18:09:39 redis.go:64: apkRedis 已成功关闭
2026/06/29 18:09:43 redis.go:47: 成功连接到 sword & apk Redis
2026/06/29 18:09:43 database.go:28: 成功连接到 PostgreSQL 数据库
2026/06/29 18:09:43 database.go:70: 表 activity_results 创建/检查完成
2026/06/29 18:09:43 database.go:70: 表 user_activities 创建/检查完成
2026/06/29 18:09:43 database.go:97: 数据库 schema 初始化完成，所有表和索引已就绪。
2026/06/29 18:09:43 jobs.go:36: 启动 更新4399游戏盒活动
2026/06/29 18:09:43 main.go:131: 服务器启动，监听端口 :3839
2026/06/29 18:09:43 services.go:481: 后台任务生成器已启动...
2026/06/29 18:09:43 services.go:349: 后台任务超时监控已启动...
2026/06/29 18:09:43 services.go:476: 成功生成并添加新任务ID: 57948
2026/06/29 18:09:43 services.go:506: 任务队列当前长度: 1。下次任务生成将在 1s 后进行。
2026/06/29 18:09:45 services.go:476: 成功生成并添加新任务ID: 57949
2026/06/29 18:09:45 services.go:506: 任务队列当前长度: 2。下次任务生成将在 1s 后进行。
2026/06/29 18:09:46 services.go:476: 成功生成并添加新任务ID: 57950
2026/06/29 18:09:46 services.go:506: 任务队列当前长度: 3。下次任务生成将在 1s 后进行。
2026/06/29 18:09:47 services.go:476: 成功生成并添加新任务ID: 57951
2026/06/29 18:09:47 services.go:506: 任务队列当前长度: 4。下次任务生成将在 1s 后进行。
2026/06/29 18:09:49 services.go:476: 成功生成并添加新任务ID: 57952
2026/06/29 18:09:49 services.go:506: 任务队列当前长度: 5。下次任务生成将在 1s 后进行。
2026/06/29 18:09:50 services.go:476: 成功生成并添加新任务ID: 57953
2026/06/29 18:09:50 services.go:506: 任务队列当前长度: 6。下次任务生成将在 1s 后进行。
2026/06/29 18:09:51 services.go:476: 成功生成并添加新任务ID: 57954
2026/06/29 18:09:51 services.go:506: 任务队列当前长度: 7。下次任务生成将在 1s 后进行。
2026/06/29 18:09:52 services.go:476: 成功生成并添加新任务ID: 57955
2026/06/29 18:09:52 services.go:506: 任务队列当前长度: 7。下次任务生成将在 1s 后进行。
2026/06/29 18:09:54 services.go:476: 成功生成并添加新任务ID: 57956
2026/06/29 18:09:54 services.go:506: 任务队列当前长度: 8。下次任务生成将在 1s 后进行。
2026/06/29 18:09:55 services.go:476: 成功生成并添加新任务ID: 57957
2026/06/29 18:09:55 services.go:506: 任务队列当前长度: 9。下次任务生成将在 1s 后进行。
2026/06/29 18:09:56 services.go:476: 成功生成并添加新任务ID: 57958
2026/06/29 18:09:56 services.go:506: 任务队列当前长度: 10。下次任务生成将在 1s 后进行。
2026/06/29 18:09:57 main.go:142: 收到退出信号，开始优雅关闭服务...
2026/06/29 18:09:57 main.go:145: 正在停止后台定时任务...
2026/06/29 18:09:57 services.go:361: 后台任务超时监控已安全停止。
2026/06/29 18:09:57 main.go:156: 所有服务已安全关闭，主进程退出。
2026/06/29 18:09:57 database.go:104: 数据库连接已关闭
2026/06/29 18:09:57 redis.go:56: swordRedis 已成功关闭
2026/06/29 18:09:57 redis.go:64: apkRedis 已成功关闭
2026/06/29 18:10:09 redis.go:47: 成功连接到 sword & apk Redis
2026/06/29 18:10:09 database.go:28: 成功连接到 PostgreSQL 数据库
2026/06/29 18:10:09 database.go:70: 表 activity_results 创建/检查完成
2026/06/29 18:10:09 database.go:70: 表 user_activities 创建/检查完成
2026/06/29 18:10:09 database.go:97: 数据库 schema 初始化完成，所有表和索引已就绪。
2026/06/29 18:10:09 jobs.go:36: 启动 更新4399游戏盒活动
2026/06/29 18:10:09 services.go:481: 后台任务生成器已启动...
2026/06/29 18:10:09 services.go:349: 后台任务超时监控已启动...
2026/06/29 18:10:09 main.go:131: 服务器启动，监听端口 :3839
2026/06/29 18:10:09 services.go:476: 成功生成并添加新任务ID: 57959
2026/06/29 18:10:09 services.go:506: 任务队列当前长度: 9。下次任务生成将在 10s 后进行。
2026/06/29 18:10:19 services.go:476: 成功生成并添加新任务ID: 57961
2026/06/29 18:10:20 services.go:506: 任务队列当前长度: 10。下次任务生成将在 10s 后进行。
2026/06/29 18:10:30 services.go:476: 成功生成并添加新任务ID: 57962
2026/06/29 18:10:30 services.go:506: 任务队列当前长度: 10。下次任务生成将在 10s 后进行。
2026/06/29 18:10:34 jobs.go:76: 更新4399游戏盒活动 结束
2026/06/29 18:10:40 services.go:476: 成功生成并添加新任务ID: 57963
2026/06/29 18:10:40 services.go:506: 任务队列当前长度: 9。下次任务生成将在 10s 后进行。
2026/06/29 18:10:50 services.go:476: 成功生成并添加新任务ID: 57964
2026/06/29 18:10:50 services.go:506: 任务队列当前长度: 10。下次任务生成将在 10s 后进行。
2026/06/29 18:11:00 services.go:476: 成功生成并添加新任务ID: 57965
2026/06/29 18:11:00 services.go:506: 任务队列当前长度: 8。下次任务生成将在 10s 后进行。
2026/06/29 18:11:11 services.go:476: 成功生成并添加新任务ID: 57966
2026/06/29 18:11:11 services.go:506: 任务队列当前长度: 8。下次任务生成将在 10s 后进行。
2026/06/29 18:11:21 services.go:476: 成功生成并添加新任务ID: 57968
2026/06/29 18:11:21 services.go:506: 任务队列当前长度: 7。下次任务生成将在 10s 后进行。
2026/06/29 18:11:31 services.go:476: 成功生成并添加新任务ID: 57969
2026/06/29 18:11:31 services.go:506: 任务队列当前长度: 8。下次任务生成将在 10s 后进行。
2026/06/29 18:11:41 services.go:476: 成功生成并添加新任务ID: 57970
2026/06/29 18:11:41 services.go:506: 任务队列当前长度: 8。下次任务生成将在 10s 后进行。
2026/06/29 18:11:51 services.go:476: 成功生成并添加新任务ID: 57971
2026/06/29 18:11:52 services.go:506: 任务队列当前长度: 7。下次任务生成将在 10s 后进行。
2026/06/29 18:12:02 services.go:476: 成功生成并添加新任务ID: 57972
2026/06/29 18:12:02 services.go:506: 任务队列当前长度: 7。下次任务生成将在 10s 后进行。
2026/06/29 18:12:12 services.go:476: 成功生成并添加新任务ID: 57973
2026/06/29 18:12:12 services.go:506: 任务队列当前长度: 7。下次任务生成将在 10s 后进行。
2026/06/29 18:12:22 services.go:476: 成功生成并添加新任务ID: 57975
2026/06/29 18:12:22 services.go:506: 任务队列当前长度: 7。下次任务生成将在 10s 后进行。
2026/06/29 18:12:32 services.go:476: 成功生成并添加新任务ID: 57976
2026/06/29 18:12:32 services.go:506: 任务队列当前长度: 6。下次任务生成将在 10s 后进行。
2026/06/29 18:12:43 services.go:476: 成功生成并添加新任务ID: 57977
2026/06/29 18:12:43 services.go:506: 任务队列当前长度: 7。下次任务生成将在 10s 后进行。
2026/06/29 18:12:53 services.go:476: 成功生成并添加新任务ID: 57978
2026/06/29 18:12:53 services.go:506: 任务队列当前长度: 7。下次任务生成将在 10s 后进行。
2026/06/29 18:13:03 services.go:476: 成功生成并添加新任务ID: 57979
2026/06/29 18:13:03 services.go:506: 任务队列当前长度: 5。下次任务生成将在 10s 后进行。
2026/06/29 18:13:13 services.go:476: 成功生成并添加新任务ID: 57980
2026/06/29 18:13:13 services.go:506: 任务队列当前长度: 5。下次任务生成将在 10s 后进行。
2026/06/29 18:13:24 services.go:476: 成功生成并添加新任务ID: 57982
2026/06/29 18:13:24 services.go:506: 任务队列当前长度: 5。下次任务生成将在 10s 后进行。
2026/06/29 18:13:34 services.go:476: 成功生成并添加新任务ID: 57983
2026/06/29 18:13:34 services.go:506: 任务队列当前长度: 4。下次任务生成将在 10s 后进行。
2026/06/29 18:13:44 services.go:476: 成功生成并添加新任务ID: 57984
2026/06/29 18:13:44 services.go:506: 任务队列当前长度: 4。下次任务生成将在 10s 后进行。
2026/06/29 18:13:54 services.go:476: 成功生成并添加新任务ID: 57985
2026/06/29 18:13:54 services.go:506: 任务队列当前长度: 3。下次任务生成将在 10s 后进行。
2026/06/29 18:14:04 services.go:476: 成功生成并添加新任务ID: 57986
2026/06/29 18:14:04 services.go:506: 任务队列当前长度: 1。下次任务生成将在 10s 后进行。
2026/06/29 18:14:15 services.go:476: 成功生成并添加新任务ID: 57988
2026/06/29 18:14:15 services.go:506: 任务队列当前长度: 2。下次任务生成将在 10s 后进行。
2026/06/29 18:14:25 services.go:476: 成功生成并添加新任务ID: 57989
2026/06/29 18:14:25 services.go:506: 任务队列当前长度: 1。下次任务生成将在 10s 后进行。
2026/06/29 18:14:35 services.go:476: 成功生成并添加新任务ID: 57990
2026/06/29 18:14:35 services.go:506: 任务队列当前长度: 1。下次任务生成将在 10s 后进行。
2026/06/29 18:14:45 services.go:476: 成功生成并添加新任务ID: 57991
2026/06/29 18:14:45 services.go:506: 任务队列当前长度: 1。下次任务生成将在 10s 后进行。
2026/06/29 18:14:56 services.go:476: 成功生成并添加新任务ID: 57992
2026/06/29 18:14:56 services.go:506: 任务队列当前长度: 2。下次任务生成将在 10s 后进行。
2026/06/29 18:15:06 services.go:476: 成功生成并添加新任务ID: 57993
2026/06/29 18:15:06 services.go:506: 任务队列当前长度: 1。下次任务生成将在 10s 后进行。
2026/06/29 18:15:16 services.go:476: 成功生成并添加新任务ID: 57995
2026/06/29 18:15:16 services.go:506: 任务队列当前长度: 3。下次任务生成将在 10s 后进行。
2026/06/29 18:15:26 services.go:476: 成功生成并添加新任务ID: 57996
2026/06/29 18:15:26 services.go:506: 任务队列当前长度: 3。下次任务生成将在 10s 后进行。
2026/06/29 18:15:36 services.go:476: 成功生成并添加新任务ID: 57997
2026/06/29 18:15:36 services.go:506: 任务队列当前长度: 3。下次任务生成将在 10s 后进行。
2026/06/29 18:15:47 services.go:476: 成功生成并添加新任务ID: 57998
2026/06/29 18:15:47 services.go:506: 任务队列当前长度: 1。下次任务生成将在 10s 后进行。
2026/06/29 18:15:57 services.go:476: 成功生成并添加新任务ID: 57999
2026/06/29 18:15:57 services.go:506: 任务队列当前长度: 1。下次任务生成将在 10s 后进行。
2026/06/29 18:16:07 services.go:476: 成功生成并添加新任务ID: 58000
2026/06/29 18:16:07 services.go:506: 任务队列当前长度: 1。下次任务生成将在 10s 后进行。
2026/06/29 18:16:13 main.go:142: 收到退出信号，开始优雅关闭服务...
2026/06/29 18:16:13 main.go:145: 正在停止后台定时任务...
2026/06/29 18:16:13 services.go:488: 后台任务生成器已安全停止。
2026/06/29 18:16:13 services.go:361: 后台任务超时监控已安全停止。
2026/06/29 18:16:13 main.go:156: 所有服务已安全关闭，主进程退出。
2026/06/29 18:16:13 database.go:104: 数据库连接已关闭
2026/06/29 18:16:13 redis.go:56: swordRedis 已成功关闭
2026/06/29 18:16:13 redis.go:64: apkRedis 已成功关闭
2026/06/29 18:16:16 redis.go:47: 成功连接到 sword & apk Redis
2026/06/29 18:16:16 database.go:28: 成功连接到 PostgreSQL 数据库
2026/06/29 18:16:16 database.go:70: 表 user_activities 创建/检查完成
2026/06/29 18:16:16 database.go:70: 表 activity_results 创建/检查完成
2026/06/29 18:16:17 database.go:97: 数据库 schema 初始化完成，所有表和索引已就绪。
2026/06/29 18:16:17 jobs.go:36: 启动 更新4399游戏盒活动
2026/06/29 18:16:17 services.go:349: 后台任务超时监控已启动...
2026/06/29 18:16:17 services.go:481: 后台任务生成器已启动...
2026/06/29 18:16:17 main.go:131: 服务器启动，监听端口 :3839
2026/06/29 18:16:17 services.go:476: 成功生成并添加新任务ID: 58002
2026/06/29 18:16:17 services.go:506: 任务队列当前长度: 2。下次任务生成将在 6s 后进行。
2026/06/29 18:16:23 services.go:476: 成功生成并添加新任务ID: 58003
2026/06/29 18:16:23 services.go:506: 任务队列当前长度: 2。下次任务生成将在 6s 后进行。
2026/06/29 18:16:29 services.go:476: 成功生成并添加新任务ID: 58004
2026/06/29 18:16:29 services.go:506: 任务队列当前长度: 2。下次任务生成将在 6s 后进行。
2026/06/29 18:16:35 services.go:476: 成功生成并添加新任务ID: 58005
2026/06/29 18:16:35 services.go:506: 任务队列当前长度: 2。下次任务生成将在 6s 后进行。
2026/06/29 18:16:41 jobs.go:76: 更新4399游戏盒活动 结束
2026/06/29 18:16:42 services.go:476: 成功生成并添加新任务ID: 58006
2026/06/29 18:16:42 services.go:506: 任务队列当前长度: 3。下次任务生成将在 6s 后进行。
2026/06/29 18:16:48 services.go:476: 成功生成并添加新任务ID: 58007
2026/06/29 18:16:48 services.go:506: 任务队列当前长度: 4。下次任务生成将在 6s 后进行。
2026/06/29 18:16:54 services.go:476: 成功生成并添加新任务ID: 58008
2026/06/29 18:16:54 services.go:506: 任务队列当前长度: 3。下次任务生成将在 6s 后进行。
2026/06/29 18:17:00 services.go:476: 成功生成并添加新任务ID: 58009
2026/06/29 18:17:00 services.go:506: 任务队列当前长度: 3。下次任务生成将在 6s 后进行。
2026/06/29 18:17:06 services.go:476: 成功生成并添加新任务ID: 58010
2026/06/29 18:17:06 services.go:506: 任务队列当前长度: 3。下次任务生成将在 6s 后进行。
2026/06/29 18:17:13 services.go:476: 成功生成并添加新任务ID: 58011
2026/06/29 18:17:13 services.go:506: 任务队列当前长度: 4。下次任务生成将在 6s 后进行。
2026/06/29 18:17:19 services.go:476: 成功生成并添加新任务ID: 58013
2026/06/29 18:17:19 services.go:506: 任务队列当前长度: 6。下次任务生成将在 6s 后进行。
2026/06/29 18:17:25 services.go:476: 成功生成并添加新任务ID: 58014
2026/06/29 18:17:25 services.go:506: 任务队列当前长度: 6。下次任务生成将在 6s 后进行。
2026/06/29 18:17:31 services.go:476: 成功生成并添加新任务ID: 58015
2026/06/29 18:17:31 services.go:506: 任务队列当前长度: 5。下次任务生成将在 6s 后进行。
2026/06/29 18:17:37 services.go:476: 成功生成并添加新任务ID: 58016
2026/06/29 18:17:37 services.go:506: 任务队列当前长度: 5。下次任务生成将在 6s 后进行。
2026/06/29 18:17:44 services.go:476: 成功生成并添加新任务ID: 58017
2026/06/29 18:17:44 services.go:506: 任务队列当前长度: 5。下次任务生成将在 6s 后进行。
2026/06/29 18:17:50 services.go:476: 成功生成并添加新任务ID: 58018
2026/06/29 18:17:50 services.go:506: 任务队列当前长度: 6。下次任务生成将在 6s 后进行。
2026/06/29 18:17:56 services.go:476: 成功生成并添加新任务ID: 58019
2026/06/29 18:17:56 services.go:506: 任务队列当前长度: 6。下次任务生成将在 6s 后进行。
2026/06/29 18:18:02 services.go:476: 成功生成并添加新任务ID: 58020
2026/06/29 18:18:02 services.go:506: 任务队列当前长度: 6。下次任务生成将在 6s 后进行。
2026/06/29 18:18:08 services.go:476: 成功生成并添加新任务ID: 58021
2026/06/29 18:18:08 services.go:506: 任务队列当前长度: 5。下次任务生成将在 6s 后进行。
2026/06/29 18:18:15 services.go:476: 成功生成并添加新任务ID: 58023
2026/06/29 18:18:15 services.go:506: 任务队列当前长度: 7。下次任务生成将在 6s 后进行。
2026/06/29 18:18:21 services.go:476: 成功生成并添加新任务ID: 58024
2026/06/29 18:18:21 services.go:506: 任务队列当前长度: 7。下次任务生成将在 6s 后进行。
2026/06/29 18:18:27 services.go:476: 成功生成并添加新任务ID: 58025
2026/06/29 18:18:27 services.go:506: 任务队列当前长度: 8。下次任务生成将在 6s 后进行。
2026/06/29 18:18:33 services.go:476: 成功生成并添加新任务ID: 58026
2026/06/29 18:18:33 services.go:506: 任务队列当前长度: 6。下次任务生成将在 6s 后进行。
2026/06/29 18:18:39 services.go:476: 成功生成并添加新任务ID: 58027
2026/06/29 18:18:39 services.go:506: 任务队列当前长度: 6。下次任务生成将在 6s 后进行。
2026/06/29 18:18:46 services.go:476: 成功生成并添加新任务ID: 58028
2026/06/29 18:18:46 services.go:506: 任务队列当前长度: 7。下次任务生成将在 6s 后进行。
2026/06/29 18:18:52 services.go:476: 成功生成并添加新任务ID: 58029
2026/06/29 18:18:52 services.go:506: 任务队列当前长度: 7。下次任务生成将在 6s 后进行。
2026/06/29 18:18:58 services.go:476: 成功生成并添加新任务ID: 58030
2026/06/29 18:18:58 services.go:506: 任务队列当前长度: 7。下次任务生成将在 6s 后进行。
2026/06/29 18:19:04 services.go:476: 成功生成并添加新任务ID: 58031
2026/06/29 18:19:04 services.go:506: 任务队列当前长度: 7。下次任务生成将在 6s 后进行。
2026/06/29 18:19:10 services.go:476: 成功生成并添加新任务ID: 58032
2026/06/29 18:19:10 services.go:506: 任务队列当前长度: 8。下次任务生成将在 6s 后进行。
2026/06/29 18:19:17 services.go:476: 成功生成并添加新任务ID: 58034
2026/06/29 18:19:17 services.go:506: 任务队列当前长度: 9。下次任务生成将在 6s 后进行。
2026/06/29 18:19:23 services.go:476: 成功生成并添加新任务ID: 58035
2026/06/29 18:19:23 services.go:506: 任务队列当前长度: 10。下次任务生成将在 6s 后进行。
2026/06/29 18:19:29 services.go:476: 成功生成并添加新任务ID: 58036
2026/06/29 18:19:29 services.go:506: 任务队列当前长度: 10。下次任务生成将在 6s 后进行。
2026/06/29 18:19:35 services.go:476: 成功生成并添加新任务ID: 58037
2026/06/29 18:19:35 services.go:506: 任务队列当前长度: 9。下次任务生成将在 6s 后进行。
2026/06/29 18:19:41 services.go:476: 成功生成并添加新任务ID: 58038
2026/06/29 18:19:41 services.go:506: 任务队列当前长度: 9。下次任务生成将在 6s 后进行。
2026/06/29 18:19:48 services.go:476: 成功生成并添加新任务ID: 58039
2026/06/29 18:19:48 services.go:506: 任务队列当前长度: 8。下次任务生成将在 6s 后进行。
2026/06/29 18:19:54 services.go:476: 成功生成并添加新任务ID: 58040
2026/06/29 18:19:54 services.go:506: 任务队列当前长度: 9。下次任务生成将在 6s 后进行。
2026/06/29 18:20:00 services.go:476: 成功生成并添加新任务ID: 58041
2026/06/29 18:20:00 services.go:506: 任务队列当前长度: 10。下次任务生成将在 6s 后进行。
2026/06/29 18:20:06 services.go:476: 成功生成并添加新任务ID: 58042
2026/06/29 18:20:06 services.go:506: 任务队列当前长度: 10。下次任务生成将在 6s 后进行。
2026/06/29 18:20:12 services.go:476: 成功生成并添加新任务ID: 58043
2026/06/29 18:20:12 services.go:506: 任务队列当前长度: 10。下次任务生成将在 6s 后进行。
2026/06/29 18:20:19 services.go:476: 成功生成并添加新任务ID: 58045
2026/06/29 18:20:19 services.go:506: 任务队列当前长度: 12。下次任务生成将在 1h0m0s 后进行。
2026/06/29 18:24:06 main.go:142: 收到退出信号，开始优雅关闭服务...
2026/06/29 18:24:06 main.go:145: 正在停止后台定时任务...
2026/06/29 18:24:06 services.go:488: 后台任务生成器已安全停止。
2026/06/29 18:24:06 services.go:361: 后台任务超时监控已安全停止。
2026/06/29 18:24:06 main.go:156: 所有服务已安全关闭，主进程退出。
2026/06/29 18:24:06 database.go:104: 数据库连接已关闭
2026/06/29 18:24:06 redis.go:56: swordRedis 已成功关闭
2026/06/29 18:24:06 redis.go:64: apkRedis 已成功关闭
2026/06/29 18:24:09 redis.go:47: 成功连接到 sword & apk Redis
2026/06/29 18:24:09 database.go:28: 成功连接到 PostgreSQL 数据库
2026/06/29 18:24:09 database.go:70: 表 activity_results 创建/检查完成
2026/06/29 18:24:09 database.go:70: 表 user_activities 创建/检查完成
2026/06/29 18:24:09 database.go:97: 数据库 schema 初始化完成，所有表和索引已就绪。
2026/06/29 18:24:09 jobs.go:36: 启动 更新4399游戏盒活动
2026/06/29 18:24:09 services.go:481: 后台任务生成器已启动...
2026/06/29 18:24:09 services.go:349: 后台任务超时监控已启动...
2026/06/29 18:24:09 main.go:131: 服务器启动，监听端口 :3839
2026/06/29 18:24:09 services.go:476: 成功生成并添加新任务ID: 58049
2026/06/29 18:24:09 services.go:506: 任务队列当前长度: 1。下次任务生成将在 6s 后进行。
2026/06/29 18:24:16 services.go:476: 成功生成并添加新任务ID: 58051
2026/06/29 18:24:16 services.go:506: 任务队列当前长度: 3。下次任务生成将在 6s 后进行。
2026/06/29 18:24:22 services.go:476: 成功生成并添加新任务ID: 58052
2026/06/29 18:24:22 services.go:506: 任务队列当前长度: 1。下次任务生成将在 6s 后进行。
2026/06/29 18:24:28 services.go:476: 成功生成并添加新任务ID: 58053
2026/06/29 18:24:28 services.go:506: 任务队列当前长度: 1。下次任务生成将在 6s 后进行。
2026/06/29 18:24:33 jobs.go:76: 更新4399游戏盒活动 结束
2026/06/29 18:24:34 services.go:476: 成功生成并添加新任务ID: 58054
2026/06/29 18:24:34 services.go:506: 任务队列当前长度: 1。下次任务生成将在 6s 后进行。
2026/06/29 18:24:40 services.go:476: 成功生成并添加新任务ID: 58055
2026/06/29 18:24:40 services.go:506: 任务队列当前长度: 1。下次任务生成将在 6s 后进行。
2026/06/29 18:24:47 services.go:476: 成功生成并添加新任务ID: 58056
2026/06/29 18:24:47 services.go:506: 任务队列当前长度: 1。下次任务生成将在 6s 后进行。
2026/06/29 18:24:53 services.go:476: 成功生成并添加新任务ID: 58057
2026/06/29 18:24:53 services.go:506: 任务队列当前长度: 2。下次任务生成将在 6s 后进行。
2026/06/29 18:24:59 services.go:476: 成功生成并添加新任务ID: 58058
2026/06/29 18:24:59 services.go:506: 任务队列当前长度: 1。下次任务生成将在 6s 后进行。
2026/06/29 18:25:05 services.go:476: 成功生成并添加新任务ID: 58059
2026/06/29 18:25:05 services.go:506: 任务队列当前长度: 2。下次任务生成将在 6s 后进行。
2026/06/29 18:25:11 services.go:476: 成功生成并添加新任务ID: 58060
2026/06/29 18:25:11 services.go:506: 任务队列当前长度: 2。下次任务生成将在 6s 后进行。
2026/06/29 18:25:18 services.go:476: 成功生成并添加新任务ID: 58062
2026/06/29 18:25:18 services.go:506: 任务队列当前长度: 3。下次任务生成将在 6s 后进行。
2026/06/29 18:25:24 services.go:476: 成功生成并添加新任务ID: 58063
2026/06/29 18:25:24 services.go:506: 任务队列当前长度: 3。下次任务生成将在 6s 后进行。
2026/06/29 18:25:30 services.go:476: 成功生成并添加新任务ID: 58064
2026/06/29 18:25:30 services.go:506: 任务队列当前长度: 3。下次任务生成将在 6s 后进行。
2026/06/29 18:25:36 services.go:476: 成功生成并添加新任务ID: 58065
2026/06/29 18:25:36 services.go:506: 任务队列当前长度: 3。下次任务生成将在 6s 后进行。
2026/06/29 18:25:42 services.go:476: 成功生成并添加新任务ID: 58066
2026/06/29 18:25:42 services.go:506: 任务队列当前长度: 4。下次任务生成将在 6s 后进行。
2026/06/29 18:25:49 services.go:476: 成功生成并添加新任务ID: 58067
2026/06/29 18:25:49 services.go:506: 任务队列当前长度: 4。下次任务生成将在 6s 后进行。
2026/06/29 18:25:55 services.go:476: 成功生成并添加新任务ID: 58068
2026/06/29 18:25:55 services.go:506: 任务队列当前长度: 4。下次任务生成将在 6s 后进行。
2026/06/29 18:26:01 services.go:476: 成功生成并添加新任务ID: 58069
2026/06/29 18:26:01 services.go:506: 任务队列当前长度: 3。下次任务生成将在 6s 后进行。
2026/06/29 18:26:07 services.go:476: 成功生成并添加新任务ID: 58070
2026/06/29 18:26:07 services.go:506: 任务队列当前长度: 3。下次任务生成将在 6s 后进行。
2026/06/29 18:26:13 services.go:476: 成功生成并添加新任务ID: 58071
2026/06/29 18:26:13 services.go:506: 任务队列当前长度: 2。下次任务生成将在 6s 后进行。
2026/06/29 18:26:20 services.go:476: 成功生成并添加新任务ID: 58073
2026/06/29 18:26:20 services.go:506: 任务队列当前长度: 2。下次任务生成将在 6s 后进行。
2026/06/29 18:26:26 services.go:476: 成功生成并添加新任务ID: 58074
2026/06/29 18:26:26 services.go:506: 任务队列当前长度: 2。下次任务生成将在 6s 后进行。
2026/06/29 18:26:32 services.go:476: 成功生成并添加新任务ID: 58075
2026/06/29 18:26:32 services.go:506: 任务队列当前长度: 3。下次任务生成将在 6s 后进行。
2026/06/29 18:26:38 services.go:476: 成功生成并添加新任务ID: 58076
2026/06/29 18:26:38 services.go:506: 任务队列当前长度: 3。下次任务生成将在 6s 后进行。
2026/06/29 18:26:44 services.go:476: 成功生成并添加新任务ID: 58077
2026/06/29 18:26:44 services.go:506: 任务队列当前长度: 3。下次任务生成将在 6s 后进行。
2026/06/29 18:26:51 services.go:476: 成功生成并添加新任务ID: 58078
2026/06/29 18:26:51 services.go:506: 任务队列当前长度: 4。下次任务生成将在 6s 后进行。
2026/06/29 18:26:57 services.go:476: 成功生成并添加新任务ID: 58079
2026/06/29 18:26:57 services.go:506: 任务队列当前长度: 4。下次任务生成将在 6s 后进行。
2026/06/29 18:27:03 services.go:476: 成功生成并添加新任务ID: 58080
2026/06/29 18:27:03 services.go:506: 任务队列当前长度: 4。下次任务生成将在 6s 后进行。
2026/06/29 18:27:09 services.go:476: 成功生成并添加新任务ID: 58081
2026/06/29 18:27:09 services.go:506: 任务队列当前长度: 5。下次任务生成将在 6s 后进行。
2026/06/29 18:27:15 services.go:476: 成功生成并添加新任务ID: 58083
2026/06/29 18:27:15 services.go:506: 任务队列当前长度: 5。下次任务生成将在 6s 后进行。
2026/06/29 18:27:22 services.go:476: 成功生成并添加新任务ID: 58084
2026/06/29 18:27:22 services.go:506: 任务队列当前长度: 6。下次任务生成将在 6s 后进行。
2026/06/29 18:27:22 main.go:142: 收到退出信号，开始优雅关闭服务...
2026/06/29 18:27:22 main.go:145: 正在停止后台定时任务...
2026/06/29 18:27:22 services.go:488: 后台任务生成器已安全停止。
2026/06/29 18:27:22 services.go:361: 后台任务超时监控已安全停止。
2026/06/29 18:27:22 main.go:156: 所有服务已安全关闭，主进程退出。
2026/06/29 18:27:22 database.go:104: 数据库连接已关闭
2026/06/29 18:27:22 redis.go:56: swordRedis 已成功关闭
2026/06/29 18:27:22 redis.go:64: apkRedis 已成功关闭
